[08-May-2024 09:21:14 Europe/Berlin] PHP Fatal error:  Uncaught mysqli_sql_exception: Unknown column 'sold' in 'field list' in D:\xxamp\htdocs\testphp\pages\DrugGUI.PHP\DrugSQLforApi.php:23
Stack trace:
#0 D:\xxamp\htdocs\testphp\pages\DrugGUI.PHP\DrugSQLforApi.php(23): mysqli->query('SELECT informat...')
#1 {main}
  thrown in D:\xxamp\htdocs\testphp\pages\DrugGUI.PHP\DrugSQLforApi.php on line 23
[08-May-2024 09:21:26 Europe/Berlin] PHP Fatal error:  Uncaught mysqli_sql_exception: Unknown column 'sold' in 'field list' in D:\xxamp\htdocs\testphp\pages\DrugGUI.PHP\DrugSQLforApi.php:23
Stack trace:
#0 D:\xxamp\htdocs\testphp\pages\DrugGUI.PHP\DrugSQLforApi.php(23): mysqli->query('SELECT informat...')
#1 {main}
  thrown in D:\xxamp\htdocs\testphp\pages\DrugGUI.PHP\DrugSQLforApi.php on line 23
[08-May-2024 09:21:36 Europe/Berlin] PHP Fatal error:  Uncaught mysqli_sql_exception: Unknown column 'sold' in 'field list' in D:\xxamp\htdocs\testphp\pages\DrugGUI.PHP\DrugSQLforApi.php:23
Stack trace:
#0 D:\xxamp\htdocs\testphp\pages\DrugGUI.PHP\DrugSQLforApi.php(23): mysqli->query('SELECT informat...')
#1 {main}
  thrown in D:\xxamp\htdocs\testphp\pages\DrugGUI.PHP\DrugSQLforApi.php on line 23
[10-May-2024 16:34:52 Europe/Berlin] PHP Fatal error:  Uncaught mysqli_sql_exception: No connection could be made because the target machine actively refused it in D:\xxamp\htdocs\testphp\pages\DrugGUI.PHP\DrugSQLforApi.php:11
Stack trace:
#0 D:\xxamp\htdocs\testphp\pages\DrugGUI.PHP\DrugSQLforApi.php(11): mysqli->__construct('localhost', 'root', Object(SensitiveParameterValue), 'dbdrug')
#1 {main}
  thrown in D:\xxamp\htdocs\testphp\pages\DrugGUI.PHP\DrugSQLforApi.php on line 11
[12-May-2024 04:31:31 Europe/Berlin] PHP Warning:  mysqli::__construct(): Error while reading greeting packet. PID=24444 in D:\xxamp\htdocs\testphp\pages\DrugGUI.PHP\DrugSQLforApi.php on line 11
[12-May-2024 04:31:31 Europe/Berlin] PHP Warning:  mysqli::__construct(): Error while reading greeting packet. PID=24444 in D:\xxamp\htdocs\testphp\pages\DrugGUI.PHP\DrugSQLforApi.php on line 11
[12-May-2024 04:31:31 Europe/Berlin] PHP Fatal error:  Uncaught mysqli_sql_exception: MySQL server has gone away in D:\xxamp\htdocs\testphp\pages\DrugGUI.PHP\DrugSQLforApi.php:11
Stack trace:
#0 D:\xxamp\htdocs\testphp\pages\DrugGUI.PHP\DrugSQLforApi.php(11): mysqli->__construct('localhost', 'root', Object(SensitiveParameterValue), 'dbdrug')
#1 {main}
  thrown in D:\xxamp\htdocs\testphp\pages\DrugGUI.PHP\DrugSQLforApi.php on line 11
[12-May-2024 04:31:31 Europe/Berlin] PHP Fatal error:  Uncaught mysqli_sql_exception: MySQL server has gone away in D:\xxamp\htdocs\testphp\pages\DrugGUI.PHP\DrugSQLforApi.php:11
Stack trace:
#0 D:\xxamp\htdocs\testphp\pages\DrugGUI.PHP\DrugSQLforApi.php(11): mysqli->__construct('localhost', 'root', Object(SensitiveParameterValue), 'dbdrug')
#1 {main}
  thrown in D:\xxamp\htdocs\testphp\pages\DrugGUI.PHP\DrugSQLforApi.php on line 11
[12-May-2024 04:38:30 Europe/Berlin] PHP Fatal error:  Uncaught mysqli_sql_exception: Table 'dbdrug.product' doesn't exist in D:\xxamp\htdocs\testphp\pages\DrugGUI.PHP\DrugSQLforApi.php:23
Stack trace:
#0 D:\xxamp\htdocs\testphp\pages\DrugGUI.PHP\DrugSQLforApi.php(23): mysqli->query('SELECT informat...')
#1 {main}
  thrown in D:\xxamp\htdocs\testphp\pages\DrugGUI.PHP\DrugSQLforApi.php on line 23
[12-May-2024 04:38:34 Europe/Berlin] PHP Fatal error:  Uncaught mysqli_sql_exception: Table 'dbdrug.product' doesn't exist in D:\xxamp\htdocs\testphp\pages\DrugGUI.PHP\DrugSQLforApi.php:23
Stack trace:
#0 D:\xxamp\htdocs\testphp\pages\DrugGUI.PHP\DrugSQLforApi.php(23): mysqli->query('SELECT informat...')
#1 {main}
  thrown in D:\xxamp\htdocs\testphp\pages\DrugGUI.PHP\DrugSQLforApi.php on line 23
[12-May-2024 04:38:49 Europe/Berlin] PHP Fatal error:  Uncaught mysqli_sql_exception: Table 'dbdrug.product' doesn't exist in D:\xxamp\htdocs\testphp\pages\DrugGUI.PHP\DrugSQLforApi.php:23
Stack trace:
#0 D:\xxamp\htdocs\testphp\pages\DrugGUI.PHP\DrugSQLforApi.php(23): mysqli->query('SELECT informat...')
#1 {main}
  thrown in D:\xxamp\htdocs\testphp\pages\DrugGUI.PHP\DrugSQLforApi.php on line 23
[12-May-2024 04:41:47 Europe/Berlin] PHP Fatal error:  Uncaught mysqli_sql_exception: Table 'dbdrug.product' doesn't exist in engine in D:\xxamp\htdocs\testphp\pages\DrugGUI.PHP\DrugSQLforApi.php:23
Stack trace:
#0 D:\xxamp\htdocs\testphp\pages\DrugGUI.PHP\DrugSQLforApi.php(23): mysqli->query('SELECT informat...')
#1 {main}
  thrown in D:\xxamp\htdocs\testphp\pages\DrugGUI.PHP\DrugSQLforApi.php on line 23
[13-May-2024 08:22:38 Europe/Berlin] PHP Fatal error:  Uncaught mysqli_sql_exception: Table 'dbdrug.product' doesn't exist in engine in D:\xxamp\htdocs\testphp\pages\DrugGUI.PHP\DrugSQLforApi.php:23
Stack trace:
#0 D:\xxamp\htdocs\testphp\pages\DrugGUI.PHP\DrugSQLforApi.php(23): mysqli->query('SELECT informat...')
#1 {main}
  thrown in D:\xxamp\htdocs\testphp\pages\DrugGUI.PHP\DrugSQLforApi.php on line 23
[13-May-2024 08:25:54 Europe/Berlin] PHP Fatal error:  Uncaught mysqli_sql_exception: Table 'dbdrug.product' doesn't exist in engine in D:\xxamp\htdocs\testphp\pages\DrugGUI.PHP\DrugSQLforApi.php:23
Stack trace:
#0 D:\xxamp\htdocs\testphp\pages\DrugGUI.PHP\DrugSQLforApi.php(23): mysqli->query('SELECT informat...')
#1 {main}
  thrown in D:\xxamp\htdocs\testphp\pages\DrugGUI.PHP\DrugSQLforApi.php on line 23
[13-May-2024 08:28:40 Europe/Berlin] PHP Fatal error:  Uncaught mysqli_sql_exception: Table 'dbdrug.product' doesn't exist in engine in D:\xxamp\htdocs\testphp\pages\DrugGUI.PHP\DrugSQLforApi.php:23
Stack trace:
#0 D:\xxamp\htdocs\testphp\pages\DrugGUI.PHP\DrugSQLforApi.php(23): mysqli->query('SELECT informat...')
#1 {main}
  thrown in D:\xxamp\htdocs\testphp\pages\DrugGUI.PHP\DrugSQLforApi.php on line 23
[13-May-2024 08:28:45 Europe/Berlin] PHP Fatal error:  Uncaught mysqli_sql_exception: Table 'dbdrug.product' doesn't exist in engine in D:\xxamp\htdocs\testphp\pages\DrugGUI.PHP\DrugSQLforApi.php:23
Stack trace:
#0 D:\xxamp\htdocs\testphp\pages\DrugGUI.PHP\DrugSQLforApi.php(23): mysqli->query('SELECT informat...')
#1 {main}
  thrown in D:\xxamp\htdocs\testphp\pages\DrugGUI.PHP\DrugSQLforApi.php on line 23
[13-May-2024 08:30:11 Europe/Berlin] PHP Fatal error:  Uncaught mysqli_sql_exception: Table 'dbdrug.product' doesn't exist in engine in D:\xxamp\htdocs\testphp\pages\DrugGUI.PHP\DrugSQLforApi.php:23
Stack trace:
#0 D:\xxamp\htdocs\testphp\pages\DrugGUI.PHP\DrugSQLforApi.php(23): mysqli->query('SELECT informat...')
#1 {main}
  thrown in D:\xxamp\htdocs\testphp\pages\DrugGUI.PHP\DrugSQLforApi.php on line 23
[13-May-2024 08:31:10 Europe/Berlin] PHP Fatal error:  Uncaught mysqli_sql_exception: Table 'dbdrug.product' doesn't exist in engine in D:\xxamp\htdocs\testphp\pages\DrugGUI.PHP\DrugSQLforApi.php:23
Stack trace:
#0 D:\xxamp\htdocs\testphp\pages\DrugGUI.PHP\DrugSQLforApi.php(23): mysqli->query('SELECT informat...')
#1 {main}
  thrown in D:\xxamp\htdocs\testphp\pages\DrugGUI.PHP\DrugSQLforApi.php on line 23
[13-May-2024 08:31:15 Europe/Berlin] PHP Fatal error:  Uncaught mysqli_sql_exception: Table 'dbdrug.product' doesn't exist in engine in D:\xxamp\htdocs\testphp\pages\DrugGUI.PHP\DrugSQLforApi.php:23
Stack trace:
#0 D:\xxamp\htdocs\testphp\pages\DrugGUI.PHP\DrugSQLforApi.php(23): mysqli->query('SELECT informat...')
#1 {main}
  thrown in D:\xxamp\htdocs\testphp\pages\DrugGUI.PHP\DrugSQLforApi.php on line 23
[13-May-2024 08:32:03 Europe/Berlin] PHP Fatal error:  Uncaught mysqli_sql_exception: Table 'dbdrug.product' doesn't exist in engine in D:\xxamp\htdocs\testphp\pages\DrugGUI.PHP\DrugSQLforApi.php:23
Stack trace:
#0 D:\xxamp\htdocs\testphp\pages\DrugGUI.PHP\DrugSQLforApi.php(23): mysqli->query('SELECT informat...')
#1 {main}
  thrown in D:\xxamp\htdocs\testphp\pages\DrugGUI.PHP\DrugSQLforApi.php on line 23
[13-May-2024 08:32:30 Europe/Berlin] PHP Fatal error:  Uncaught mysqli_sql_exception: Table 'dbdrug.product' doesn't exist in engine in D:\xxamp\htdocs\testphp\pages\DrugGUI.PHP\DrugSQLforApi.php:23
Stack trace:
#0 D:\xxamp\htdocs\testphp\pages\DrugGUI.PHP\DrugSQLforApi.php(23): mysqli->query('SELECT informat...')
#1 {main}
  thrown in D:\xxamp\htdocs\testphp\pages\DrugGUI.PHP\DrugSQLforApi.php on line 23
[13-May-2024 08:33:58 Europe/Berlin] PHP Fatal error:  Uncaught mysqli_sql_exception: Table 'dbdrug.product' doesn't exist in engine in D:\xxamp\htdocs\testphp\pages\DrugGUI.PHP\DrugSQLforApi.php:23
Stack trace:
#0 D:\xxamp\htdocs\testphp\pages\DrugGUI.PHP\DrugSQLforApi.php(23): mysqli->query('SELECT informat...')
#1 {main}
  thrown in D:\xxamp\htdocs\testphp\pages\DrugGUI.PHP\DrugSQLforApi.php on line 23
[13-May-2024 08:34:40 Europe/Berlin] PHP Fatal error:  Uncaught mysqli_sql_exception: Table 'dbdrug.product' doesn't exist in engine in D:\xxamp\htdocs\testphp\pages\DrugGUI.PHP\DrugSQLforApi.php:23
Stack trace:
#0 D:\xxamp\htdocs\testphp\pages\DrugGUI.PHP\DrugSQLforApi.php(23): mysqli->query('SELECT informat...')
#1 {main}
  thrown in D:\xxamp\htdocs\testphp\pages\DrugGUI.PHP\DrugSQLforApi.php on line 23
[13-May-2024 08:36:50 Europe/Berlin] PHP Fatal error:  Uncaught mysqli_sql_exception: Table 'dbdrug.product' doesn't exist in engine in D:\xxamp\htdocs\testphp\pages\DrugGUI.PHP\DrugSQLforApi.php:23
Stack trace:
#0 D:\xxamp\htdocs\testphp\pages\DrugGUI.PHP\DrugSQLforApi.php(23): mysqli->query('SELECT informat...')
#1 {main}
  thrown in D:\xxamp\htdocs\testphp\pages\DrugGUI.PHP\DrugSQLforApi.php on line 23
[13-May-2024 08:36:56 Europe/Berlin] PHP Fatal error:  Uncaught mysqli_sql_exception: Table 'dbdrug.product' doesn't exist in engine in D:\xxamp\htdocs\testphp\pages\DrugGUI.PHP\DrugSQLforApi.php:23
Stack trace:
#0 D:\xxamp\htdocs\testphp\pages\DrugGUI.PHP\DrugSQLforApi.php(23): mysqli->query('SELECT informat...')
#1 {main}
  thrown in D:\xxamp\htdocs\testphp\pages\DrugGUI.PHP\DrugSQLforApi.php on line 23
[13-May-2024 08:38:12 Europe/Berlin] PHP Fatal error:  Uncaught mysqli_sql_exception: Table 'dbdrug.product' doesn't exist in engine in D:\xxamp\htdocs\testphp\pages\DrugGUI.PHP\DrugSQLforApi.php:23
Stack trace:
#0 D:\xxamp\htdocs\testphp\pages\DrugGUI.PHP\DrugSQLforApi.php(23): mysqli->query('SELECT informat...')
#1 {main}
  thrown in D:\xxamp\htdocs\testphp\pages\DrugGUI.PHP\DrugSQLforApi.php on line 23
[13-May-2024 08:38:24 Europe/Berlin] PHP Fatal error:  Uncaught mysqli_sql_exception: Table 'dbdrug.product' doesn't exist in engine in D:\xxamp\htdocs\testphp\pages\DrugGUI.PHP\DrugSQLforApi.php:23
Stack trace:
#0 D:\xxamp\htdocs\testphp\pages\DrugGUI.PHP\DrugSQLforApi.php(23): mysqli->query('SELECT informat...')
#1 {main}
  thrown in D:\xxamp\htdocs\testphp\pages\DrugGUI.PHP\DrugSQLforApi.php on line 23
[13-May-2024 08:38:32 Europe/Berlin] PHP Fatal error:  Uncaught mysqli_sql_exception: Table 'dbdrug.product' doesn't exist in engine in D:\xxamp\htdocs\testphp\pages\DrugGUI.PHP\DrugSQLforApi.php:23
Stack trace:
#0 D:\xxamp\htdocs\testphp\pages\DrugGUI.PHP\DrugSQLforApi.php(23): mysqli->query('SELECT informat...')
#1 {main}
  thrown in D:\xxamp\htdocs\testphp\pages\DrugGUI.PHP\DrugSQLforApi.php on line 23
[13-May-2024 08:39:18 Europe/Berlin] PHP Fatal error:  Uncaught mysqli_sql_exception: Table 'dbdrug.product' doesn't exist in engine in D:\xxamp\htdocs\testphp\pages\DrugGUI.PHP\DrugSQLforApi.php:23
Stack trace:
#0 D:\xxamp\htdocs\testphp\pages\DrugGUI.PHP\DrugSQLforApi.php(23): mysqli->query('SELECT informat...')
#1 {main}
  thrown in D:\xxamp\htdocs\testphp\pages\DrugGUI.PHP\DrugSQLforApi.php on line 23
[13-May-2024 08:39:31 Europe/Berlin] PHP Fatal error:  Uncaught mysqli_sql_exception: Table 'dbdrug.product' doesn't exist in engine in D:\xxamp\htdocs\testphp\pages\DrugGUI.PHP\DrugSQLforApi.php:23
Stack trace:
#0 D:\xxamp\htdocs\testphp\pages\DrugGUI.PHP\DrugSQLforApi.php(23): mysqli->query('SELECT informat...')
#1 {main}
  thrown in D:\xxamp\htdocs\testphp\pages\DrugGUI.PHP\DrugSQLforApi.php on line 23
[13-May-2024 08:39:42 Europe/Berlin] PHP Fatal error:  Uncaught mysqli_sql_exception: Table 'dbdrug.product' doesn't exist in engine in D:\xxamp\htdocs\testphp\pages\DrugGUI.PHP\DrugSQLforApi.php:23
Stack trace:
#0 D:\xxamp\htdocs\testphp\pages\DrugGUI.PHP\DrugSQLforApi.php(23): mysqli->query('SELECT informat...')
#1 {main}
  thrown in D:\xxamp\htdocs\testphp\pages\DrugGUI.PHP\DrugSQLforApi.php on line 23
[13-May-2024 08:39:57 Europe/Berlin] PHP Fatal error:  Uncaught mysqli_sql_exception: Table 'dbdrug.product' doesn't exist in engine in D:\xxamp\htdocs\testphp\pages\DrugGUI.PHP\DrugSQLforApi.php:23
Stack trace:
#0 D:\xxamp\htdocs\testphp\pages\DrugGUI.PHP\DrugSQLforApi.php(23): mysqli->query('SELECT informat...')
#1 {main}
  thrown in D:\xxamp\htdocs\testphp\pages\DrugGUI.PHP\DrugSQLforApi.php on line 23
[13-May-2024 08:40:01 Europe/Berlin] PHP Fatal error:  Uncaught mysqli_sql_exception: Table 'dbdrug.product' doesn't exist in engine in D:\xxamp\htdocs\testphp\pages\DrugGUI.PHP\DrugSQLforApi.php:23
Stack trace:
#0 D:\xxamp\htdocs\testphp\pages\DrugGUI.PHP\DrugSQLforApi.php(23): mysqli->query('SELECT informat...')
#1 {main}
  thrown in D:\xxamp\htdocs\testphp\pages\DrugGUI.PHP\DrugSQLforApi.php on line 23
[13-May-2024 08:40:49 Europe/Berlin] PHP Fatal error:  Uncaught mysqli_sql_exception: Table 'dbdrug.product' doesn't exist in engine in D:\xxamp\htdocs\testphp\pages\DrugGUI.PHP\DrugSQLforApi.php:23
Stack trace:
#0 D:\xxamp\htdocs\testphp\pages\DrugGUI.PHP\DrugSQLforApi.php(23): mysqli->query('SELECT informat...')
#1 {main}
  thrown in D:\xxamp\htdocs\testphp\pages\DrugGUI.PHP\DrugSQLforApi.php on line 23
[13-May-2024 08:41:32 Europe/Berlin] PHP Fatal error:  Uncaught mysqli_sql_exception: Table 'dbdrug.product' doesn't exist in engine in D:\xxamp\htdocs\testphp\pages\DrugGUI.PHP\DrugSQLforApi.php:23
Stack trace:
#0 D:\xxamp\htdocs\testphp\pages\DrugGUI.PHP\DrugSQLforApi.php(23): mysqli->query('SELECT informat...')
#1 {main}
  thrown in D:\xxamp\htdocs\testphp\pages\DrugGUI.PHP\DrugSQLforApi.php on line 23
[13-May-2024 08:43:03 Europe/Berlin] PHP Fatal error:  Uncaught mysqli_sql_exception: Table 'dbdrug.product' doesn't exist in engine in D:\xxamp\htdocs\testphp\pages\DrugGUI.PHP\DrugSQLforApi.php:23
Stack trace:
#0 D:\xxamp\htdocs\testphp\pages\DrugGUI.PHP\DrugSQLforApi.php(23): mysqli->query('SELECT informat...')
#1 {main}
  thrown in D:\xxamp\htdocs\testphp\pages\DrugGUI.PHP\DrugSQLforApi.php on line 23
[13-May-2024 08:44:00 Europe/Berlin] PHP Fatal error:  Uncaught mysqli_sql_exception: Table 'dbdrug.product' doesn't exist in engine in D:\xxamp\htdocs\testphp\pages\DrugGUI.PHP\DrugSQLforApi.php:23
Stack trace:
#0 D:\xxamp\htdocs\testphp\pages\DrugGUI.PHP\DrugSQLforApi.php(23): mysqli->query('SELECT informat...')
#1 {main}
  thrown in D:\xxamp\htdocs\testphp\pages\DrugGUI.PHP\DrugSQLforApi.php on line 23
[13-May-2024 10:25:28 Europe/Berlin] PHP Fatal error:  Uncaught mysqli_sql_exception: Table 'dbdrug.product' doesn't exist in engine in D:\xxamp\htdocs\testphp\pages\DrugGUI.PHP\DrugSQLforApi.php:23
Stack trace:
#0 D:\xxamp\htdocs\testphp\pages\DrugGUI.PHP\DrugSQLforApi.php(23): mysqli->query('SELECT informat...')
#1 {main}
  thrown in D:\xxamp\htdocs\testphp\pages\DrugGUI.PHP\DrugSQLforApi.php on line 23
[13-May-2024 11:00:43 Europe/Berlin] PHP Fatal error:  Uncaught mysqli_sql_exception: Table 'dbdrug.product' doesn't exist in engine in D:\xxamp\htdocs\testphp\pages\DrugGUI.PHP\DrugSQLforApi.php:23
Stack trace:
#0 D:\xxamp\htdocs\testphp\pages\DrugGUI.PHP\DrugSQLforApi.php(23): mysqli->query('SELECT informat...')
#1 {main}
  thrown in D:\xxamp\htdocs\testphp\pages\DrugGUI.PHP\DrugSQLforApi.php on line 23
[13-May-2024 11:07:12 Europe/Berlin] PHP Fatal error:  Uncaught mysqli_sql_exception: Table 'dbdrug.product' doesn't exist in engine in D:\xxamp\htdocs\testphp\pages\DrugGUI.PHP\DrugSQLforApi.php:23
Stack trace:
#0 D:\xxamp\htdocs\testphp\pages\DrugGUI.PHP\DrugSQLforApi.php(23): mysqli->query('SELECT informat...')
#1 {main}
  thrown in D:\xxamp\htdocs\testphp\pages\DrugGUI.PHP\DrugSQLforApi.php on line 23
[13-May-2024 17:10:11 Europe/Berlin] PHP Fatal error:  Uncaught mysqli_sql_exception: Table 'dbdrug.product' doesn't exist in engine in D:\xxamp\htdocs\testphp\pages\DrugGUI.PHP\DrugSQLforApi.php:23
Stack trace:
#0 D:\xxamp\htdocs\testphp\pages\DrugGUI.PHP\DrugSQLforApi.php(23): mysqli->query('SELECT informat...')
#1 {main}
  thrown in D:\xxamp\htdocs\testphp\pages\DrugGUI.PHP\DrugSQLforApi.php on line 23
[13-May-2024 23:21:24 Europe/Berlin] PHP Fatal error:  Uncaught mysqli_sql_exception: Table 'dbdrug.product' doesn't exist in engine in D:\xxamp\htdocs\testphp\pages\DrugGUI.PHP\DrugSQLforApi.php:23
Stack trace:
#0 D:\xxamp\htdocs\testphp\pages\DrugGUI.PHP\DrugSQLforApi.php(23): mysqli->query('SELECT informat...')
#1 {main}
  thrown in D:\xxamp\htdocs\testphp\pages\DrugGUI.PHP\DrugSQLforApi.php on line 23
[13-May-2024 23:21:29 Europe/Berlin] PHP Fatal error:  Uncaught mysqli_sql_exception: Table 'dbdrug.product' doesn't exist in engine in D:\xxamp\htdocs\testphp\pages\DrugGUI.PHP\DrugSQLforApi.php:23
Stack trace:
#0 D:\xxamp\htdocs\testphp\pages\DrugGUI.PHP\DrugSQLforApi.php(23): mysqli->query('SELECT informat...')
#1 {main}
  thrown in D:\xxamp\htdocs\testphp\pages\DrugGUI.PHP\DrugSQLforApi.php on line 23
[13-May-2024 23:26:35 Europe/Berlin] PHP Fatal error:  Uncaught mysqli_sql_exception: Table 'dbdrug.product' doesn't exist in engine in D:\xxamp\htdocs\testphp\pages\DrugGUI.PHP\DrugSQLforApi.php:23
Stack trace:
#0 D:\xxamp\htdocs\testphp\pages\DrugGUI.PHP\DrugSQLforApi.php(23): mysqli->query('SELECT informat...')
#1 {main}
  thrown in D:\xxamp\htdocs\testphp\pages\DrugGUI.PHP\DrugSQLforApi.php on line 23
[13-May-2024 23:26:41 Europe/Berlin] PHP Fatal error:  Uncaught mysqli_sql_exception: Table 'dbdrug.product' doesn't exist in engine in D:\xxamp\htdocs\testphp\pages\DrugGUI.PHP\DrugSQLforApi.php:23
Stack trace:
#0 D:\xxamp\htdocs\testphp\pages\DrugGUI.PHP\DrugSQLforApi.php(23): mysqli->query('SELECT informat...')
#1 {main}
  thrown in D:\xxamp\htdocs\testphp\pages\DrugGUI.PHP\DrugSQLforApi.php on line 23
[13-May-2024 23:27:17 Europe/Berlin] PHP Fatal error:  Uncaught mysqli_sql_exception: Table 'dbdrug.product' doesn't exist in engine in D:\xxamp\htdocs\testphp\pages\DrugGUI.PHP\DrugSQLforApi.php:23
Stack trace:
#0 D:\xxamp\htdocs\testphp\pages\DrugGUI.PHP\DrugSQLforApi.php(23): mysqli->query('SELECT informat...')
#1 {main}
  thrown in D:\xxamp\htdocs\testphp\pages\DrugGUI.PHP\DrugSQLforApi.php on line 23
[14-May-2024 01:12:04 Europe/Berlin] PHP Fatal error:  Uncaught mysqli_sql_exception: Table 'dbdrug.product' doesn't exist in engine in D:\xxamp\htdocs\testphp\pages\DrugGUI.PHP\DrugSQLforApi.php:23
Stack trace:
#0 D:\xxamp\htdocs\testphp\pages\DrugGUI.PHP\DrugSQLforApi.php(23): mysqli->query('SELECT informat...')
#1 {main}
  thrown in D:\xxamp\htdocs\testphp\pages\DrugGUI.PHP\DrugSQLforApi.php on line 23
[15-May-2024 10:25:48 Europe/Berlin] PHP Fatal error:  Uncaught mysqli_sql_exception: Table 'dbdrug.product' doesn't exist in engine in D:\xxamp\htdocs\testphp\pages\DrugGUI.PHP\DrugSQLforApi.php:23
Stack trace:
#0 D:\xxamp\htdocs\testphp\pages\DrugGUI.PHP\DrugSQLforApi.php(23): mysqli->query('SELECT informat...')
#1 {main}
  thrown in D:\xxamp\htdocs\testphp\pages\DrugGUI.PHP\DrugSQLforApi.php on line 23
[16-May-2024 11:20:31 Europe/Berlin] PHP Fatal error:  Uncaught mysqli_sql_exception: Table 'dbdrug.product' doesn't exist in D:\xxamp\htdocs\testphp\pages\DrugGUI.PHP\DrugSQLforApi.php:23
Stack trace:
#0 D:\xxamp\htdocs\testphp\pages\DrugGUI.PHP\DrugSQLforApi.php(23): mysqli->query('SELECT informat...')
#1 {main}
  thrown in D:\xxamp\htdocs\testphp\pages\DrugGUI.PHP\DrugSQLforApi.php on line 23
[16-May-2024 11:20:35 Europe/Berlin] PHP Fatal error:  Uncaught mysqli_sql_exception: Table 'dbdrug.product' doesn't exist in D:\xxamp\htdocs\testphp\pages\DrugGUI.PHP\DrugSQLforApi.php:23
Stack trace:
#0 D:\xxamp\htdocs\testphp\pages\DrugGUI.PHP\DrugSQLforApi.php(23): mysqli->query('SELECT informat...')
#1 {main}
  thrown in D:\xxamp\htdocs\testphp\pages\DrugGUI.PHP\DrugSQLforApi.php on line 23
[16-May-2024 11:25:13 Europe/Berlin] PHP Fatal error:  Uncaught mysqli_sql_exception: Table 'healthdbforbwd.product' doesn't exist in D:\xxamp\htdocs\testphp\pages\DrugGUI.PHP\DrugSQLforApi.php:23
Stack trace:
#0 D:\xxamp\htdocs\testphp\pages\DrugGUI.PHP\DrugSQLforApi.php(23): mysqli->query('SELECT informat...')
#1 {main}
  thrown in D:\xxamp\htdocs\testphp\pages\DrugGUI.PHP\DrugSQLforApi.php on line 23
[16-May-2024 11:25:26 Europe/Berlin] PHP Fatal error:  Uncaught mysqli_sql_exception: Table 'healthdbforbwd.product' doesn't exist in D:\xxamp\htdocs\testphp\pages\DrugGUI.PHP\DrugSQLforApi.php:23
Stack trace:
#0 D:\xxamp\htdocs\testphp\pages\DrugGUI.PHP\DrugSQLforApi.php(23): mysqli->query('SELECT informat...')
#1 {main}
  thrown in D:\xxamp\htdocs\testphp\pages\DrugGUI.PHP\DrugSQLforApi.php on line 23
[16-May-2024 11:26:19 Europe/Berlin] PHP Fatal error:  Uncaught mysqli_sql_exception: Table 'healthdbforbwd.product' doesn't exist in D:\xxamp\htdocs\testphp\pages\DrugGUI.PHP\DrugSQLforApi.php:23
Stack trace:
#0 D:\xxamp\htdocs\testphp\pages\DrugGUI.PHP\DrugSQLforApi.php(23): mysqli->query('SELECT informat...')
#1 {main}
  thrown in D:\xxamp\htdocs\testphp\pages\DrugGUI.PHP\DrugSQLforApi.php on line 23
[16-May-2024 11:27:42 Europe/Berlin] PHP Fatal error:  Uncaught mysqli_sql_exception: Table 'healthdbforbwd.product' doesn't exist in D:\xxamp\htdocs\testphp\pages\DrugGUI.PHP\DrugSQLforApi.php:23
Stack trace:
#0 D:\xxamp\htdocs\testphp\pages\DrugGUI.PHP\DrugSQLforApi.php(23): mysqli->query('SELECT informat...')
#1 {main}
  thrown in D:\xxamp\htdocs\testphp\pages\DrugGUI.PHP\DrugSQLforApi.php on line 23
[16-May-2024 11:28:06 Europe/Berlin] PHP Fatal error:  Uncaught mysqli_sql_exception: Table 'healthdbforbwd.product' doesn't exist in D:\xxamp\htdocs\testphp\pages\DrugGUI.PHP\DrugSQLforApi.php:23
Stack trace:
#0 D:\xxamp\htdocs\testphp\pages\DrugGUI.PHP\DrugSQLforApi.php(23): mysqli->query('SELECT informat...')
#1 {main}
  thrown in D:\xxamp\htdocs\testphp\pages\DrugGUI.PHP\DrugSQLforApi.php on line 23
[16-May-2024 11:29:17 Europe/Berlin] PHP Fatal error:  Uncaught mysqli_sql_exception: Table 'healthdbforbwd.product' doesn't exist in D:\xxamp\htdocs\testphp\pages\DrugGUI.PHP\DrugSQLforApi.php:23
Stack trace:
#0 D:\xxamp\htdocs\testphp\pages\DrugGUI.PHP\DrugSQLforApi.php(23): mysqli->query('SELECT informat...')
#1 {main}
  thrown in D:\xxamp\htdocs\testphp\pages\DrugGUI.PHP\DrugSQLforApi.php on line 23
[16-May-2024 11:29:20 Europe/Berlin] PHP Fatal error:  Uncaught mysqli_sql_exception: Table 'healthdbforbwd.product' doesn't exist in D:\xxamp\htdocs\testphp\pages\DrugGUI.PHP\DrugSQLforApi.php:23
Stack trace:
#0 D:\xxamp\htdocs\testphp\pages\DrugGUI.PHP\DrugSQLforApi.php(23): mysqli->query('SELECT informat...')
#1 {main}
  thrown in D:\xxamp\htdocs\testphp\pages\DrugGUI.PHP\DrugSQLforApi.php on line 23
[16-May-2024 11:30:08 Europe/Berlin] PHP Fatal error:  Uncaught mysqli_sql_exception: Table 'healthdbforbwd.product' doesn't exist in D:\xxamp\htdocs\testphp\pages\DrugGUI.PHP\DrugSQLforApi.php:23
Stack trace:
#0 D:\xxamp\htdocs\testphp\pages\DrugGUI.PHP\DrugSQLforApi.php(23): mysqli->query('SELECT informat...')
#1 {main}
  thrown in D:\xxamp\htdocs\testphp\pages\DrugGUI.PHP\DrugSQLforApi.php on line 23
[16-May-2024 11:30:13 Europe/Berlin] PHP Fatal error:  Uncaught mysqli_sql_exception: Table 'healthdbforbwd.product' doesn't exist in D:\xxamp\htdocs\testphp\pages\DrugGUI.PHP\DrugSQLforApi.php:23
Stack trace:
#0 D:\xxamp\htdocs\testphp\pages\DrugGUI.PHP\DrugSQLforApi.php(23): mysqli->query('SELECT informat...')
#1 {main}
  thrown in D:\xxamp\htdocs\testphp\pages\DrugGUI.PHP\DrugSQLforApi.php on line 23
[16-May-2024 11:35:46 Europe/Berlin] PHP Fatal error:  Uncaught mysqli_sql_exception: Table 'healthdbforbwd.product' doesn't exist in D:\xxamp\htdocs\testphp\pages\DrugGUI.PHP\DrugSQLforApi.php:23
Stack trace:
#0 D:\xxamp\htdocs\testphp\pages\DrugGUI.PHP\DrugSQLforApi.php(23): mysqli->query('SELECT informat...')
#1 {main}
  thrown in D:\xxamp\htdocs\testphp\pages\DrugGUI.PHP\DrugSQLforApi.php on line 23
[16-May-2024 11:35:50 Europe/Berlin] PHP Fatal error:  Uncaught mysqli_sql_exception: Table 'healthdbforbwd.product' doesn't exist in D:\xxamp\htdocs\testphp\pages\DrugGUI.PHP\DrugSQLforApi.php:23
Stack trace:
#0 D:\xxamp\htdocs\testphp\pages\DrugGUI.PHP\DrugSQLforApi.php(23): mysqli->query('SELECT informat...')
#1 {main}
  thrown in D:\xxamp\htdocs\testphp\pages\DrugGUI.PHP\DrugSQLforApi.php on line 23
[16-May-2024 11:39:46 Europe/Berlin] PHP Fatal error:  Uncaught mysqli_sql_exception: Unknown column 'href' in 'field list' in D:\xxamp\htdocs\testphp\pages\DrugGUI.PHP\DrugSQLforApi.php:23
Stack trace:
#0 D:\xxamp\htdocs\testphp\pages\DrugGUI.PHP\DrugSQLforApi.php(23): mysqli->query('SELECT informat...')
#1 {main}
  thrown in D:\xxamp\htdocs\testphp\pages\DrugGUI.PHP\DrugSQLforApi.php on line 23
[16-May-2024 11:41:53 Europe/Berlin] PHP Fatal error:  Uncaught mysqli_sql_exception: Unknown column 'href' in 'field list' in D:\xxamp\htdocs\testphp\pages\DrugGUI.PHP\DrugSQLforApi.php:23
Stack trace:
#0 D:\xxamp\htdocs\testphp\pages\DrugGUI.PHP\DrugSQLforApi.php(23): mysqli->query('SELECT informat...')
#1 {main}
  thrown in D:\xxamp\htdocs\testphp\pages\DrugGUI.PHP\DrugSQLforApi.php on line 23
[16-May-2024 11:42:02 Europe/Berlin] PHP Fatal error:  Uncaught mysqli_sql_exception: Unknown column 'href' in 'field list' in D:\xxamp\htdocs\testphp\pages\DrugGUI.PHP\DrugSQLforApi.php:23
Stack trace:
#0 D:\xxamp\htdocs\testphp\pages\DrugGUI.PHP\DrugSQLforApi.php(23): mysqli->query('SELECT informat...')
#1 {main}
  thrown in D:\xxamp\htdocs\testphp\pages\DrugGUI.PHP\DrugSQLforApi.php on line 23
[16-May-2024 11:42:21 Europe/Berlin] PHP Fatal error:  Uncaught mysqli_sql_exception: Table 'healthdbforbwd.category' doesn't exist in D:\xxamp\htdocs\testphp\pages\DrugGUI.PHP\DrugSQLforApi.php:32
Stack trace:
#0 D:\xxamp\htdocs\testphp\pages\DrugGUI.PHP\DrugSQLforApi.php(32): mysqli->query('SELECT ten,urli...')
#1 {main}
  thrown in D:\xxamp\htdocs\testphp\pages\DrugGUI.PHP\DrugSQLforApi.php on line 32
[28-May-2024 04:56:17 Europe/Berlin] PHP Warning:  mysqli::__construct(): Error while reading greeting packet. PID=5396 in D:\xxamp\htdocs\testphp\pages\DrugGUI.PHP\DrugSQLforApi.php on line 11
[28-May-2024 04:56:17 Europe/Berlin] PHP Warning:  mysqli::__construct(): Error while reading greeting packet. PID=5396 in D:\xxamp\htdocs\testphp\pages\DrugGUI.PHP\DrugSQLforApi.php on line 11
[28-May-2024 04:56:17 Europe/Berlin] PHP Warning:  mysqli::__construct(): Error while reading greeting packet. PID=5396 in D:\xxamp\htdocs\testphp\pages\DrugGUI.PHP\DrugSQLforApi.php on line 11
[28-May-2024 04:56:17 Europe/Berlin] PHP Warning:  mysqli::__construct(): Error while reading greeting packet. PID=5396 in D:\xxamp\htdocs\testphp\pages\DrugGUI.PHP\DrugSQLforApi.php on line 11
[28-May-2024 04:56:17 Europe/Berlin] PHP Fatal error:  Maximum execution time of 120 seconds exceeded in D:\xxamp\htdocs\testphp\pages\DrugGUI.PHP\DrugSQLforApi.php on line 11
[28-May-2024 04:56:17 Europe/Berlin] PHP Warning:  mysqli::__construct(): Error while reading greeting packet. PID=5396 in D:\xxamp\htdocs\testphp\pages\DrugGUI.PHP\DrugSQLforApi.php on line 11
[28-May-2024 04:56:17 Europe/Berlin] PHP Fatal error:  Maximum execution time of 120 seconds exceeded in D:\xxamp\htdocs\testphp\pages\DrugGUI.PHP\DrugSQLforApi.php on line 11
[28-May-2024 04:56:17 Europe/Berlin] PHP Fatal error:  Maximum execution time of 120 seconds exceeded in D:\xxamp\htdocs\testphp\pages\DrugGUI.PHP\DrugSQLforApi.php on line 11
[28-May-2024 04:56:17 Europe/Berlin] PHP Fatal error:  Maximum execution time of 120 seconds exceeded in D:\xxamp\htdocs\testphp\pages\DrugGUI.PHP\DrugSQLforApi.php on line 11
[28-May-2024 04:56:17 Europe/Berlin] PHP Fatal error:  Maximum execution time of 120 seconds exceeded in D:\xxamp\htdocs\testphp\pages\DrugGUI.PHP\DrugSQLforApi.php on line 11
[28-May-2024 06:41:05 Europe/Berlin] PHP Warning:  mysqli::__construct(): Error while reading greeting packet. PID=9692 in D:\xxamp\htdocs\testphp\pages\DrugGUI.PHP\DrugSQLforApi.php on line 11
[28-May-2024 06:41:05 Europe/Berlin] PHP Fatal error:  Uncaught mysqli_sql_exception: MySQL server has gone away in D:\xxamp\htdocs\testphp\pages\DrugGUI.PHP\DrugSQLforApi.php:11
Stack trace:
#0 D:\xxamp\htdocs\testphp\pages\DrugGUI.PHP\DrugSQLforApi.php(11): mysqli->__construct('localhost', 'root', Object(SensitiveParameterValue), 'healthdbforbwd')
#1 {main}
  thrown in D:\xxamp\htdocs\testphp\pages\DrugGUI.PHP\DrugSQLforApi.php on line 11
[15-Jun-2024 12:25:20 Europe/Berlin] PHP Fatal error:  Uncaught mysqli_sql_exception: No connection could be made because the target machine actively refused it in D:\xxamp\htdocs\testphp\pages\DrugGUI.PHP\DrugSQLforApi.php:11
Stack trace:
#0 D:\xxamp\htdocs\testphp\pages\DrugGUI.PHP\DrugSQLforApi.php(11): mysqli->__construct('localhost', 'root', Object(SensitiveParameterValue), 'healthdbforbwd')
#1 {main}
  thrown in D:\xxamp\htdocs\testphp\pages\DrugGUI.PHP\DrugSQLforApi.php on line 11
